2019-02-27 00:49:41.529  INFO 11044 --- [restartedMain] c.f.f.FinalprojectApplication            : Starting FinalprojectApplication on DESKTOP-DBOA032 with PID 11044 (C:\programming_life\react\atlas\Boiler_Plate_spring_backend\target\classes started by lakith in C:\programming_life\react\atlas\Boiler_Plate_spring_backend)
2019-02-27 00:49:41.529  INFO 11044 --- [restartedMain] c.f.f.FinalprojectApplication            : No active profile set, falling back to default profiles: default
2019-02-27 00:49:41.654  INFO 11044 --- [restartedMain] .e.DevToolsPropertyDefaultsPostProcessor : Devtools property defaults active! Set 'spring.devtools.add-properties' to 'false' to disable
2019-02-27 00:49:41.655  INFO 11044 --- [restartedMain] .e.DevToolsPropertyDefaultsPostProcessor : For additional web related logging consider setting the 'logging.level.web' property to 'DEBUG'
2019-02-27 00:49:43.163  INFO 11044 --- [restartedMain] .s.d.r.c.RepositoryConfigurationDelegate : Bootstrapping Spring Data repositories in DEFAULT mode.
2019-02-27 00:49:43.317  INFO 11044 --- [restartedMain] .s.d.r.c.RepositoryConfigurationDelegate : Finished Spring Data repository scanning in 130ms. Found 5 repository interfaces.
2019-02-27 00:49:43.648  INFO 11044 --- [restartedMain] ptablePropertiesBeanFactoryPostProcessor : Post-processing PropertySource instances
2019-02-27 00:49:43.733  INFO 11044 --- [restartedMain] c.u.j.EncryptablePropertySourceConverter : Converting PropertySource configurationProperties [org.springframework.boot.context.properties.source.ConfigurationPropertySourcesPropertySource] to AOP Proxy
2019-02-27 00:49:43.733  INFO 11044 --- [restartedMain] c.u.j.EncryptablePropertySourceConverter : Converting PropertySource servletConfigInitParams [org.springframework.core.env.PropertySource$StubPropertySource] to EncryptablePropertySourceWrapper
2019-02-27 00:49:43.733  INFO 11044 --- [restartedMain] c.u.j.EncryptablePropertySourceConverter : Converting PropertySource servletContextInitParams [org.springframework.core.env.PropertySource$StubPropertySource] to EncryptablePropertySourceWrapper
2019-02-27 00:49:43.733  INFO 11044 --- [restartedMain] c.u.j.EncryptablePropertySourceConverter : Converting PropertySource systemProperties [org.springframework.core.env.MapPropertySource] to EncryptableMapPropertySourceWrapper
2019-02-27 00:49:43.733  INFO 11044 --- [restartedMain] c.u.j.EncryptablePropertySourceConverter : Converting PropertySource systemEnvironment [org.springframework.boot.env.SystemEnvironmentPropertySourceEnvironmentPostProcessor$OriginAwareSystemEnvironmentPropertySource] to EncryptableMapPropertySourceWrapper
2019-02-27 00:49:43.733  INFO 11044 --- [restartedMain] c.u.j.EncryptablePropertySourceConverter : Converting PropertySource random [org.springframework.boot.env.RandomValuePropertySource] to EncryptablePropertySourceWrapper
2019-02-27 00:49:43.733  INFO 11044 --- [restartedMain] c.u.j.EncryptablePropertySourceConverter : Converting PropertySource applicationConfig: [classpath:/application.properties] [org.springframework.boot.env.OriginTrackedMapPropertySource] to EncryptableMapPropertySourceWrapper
2019-02-27 00:49:43.733  INFO 11044 --- [restartedMain] c.u.j.EncryptablePropertySourceConverter : Converting PropertySource devtools [org.springframework.core.env.MapPropertySource] to EncryptableMapPropertySourceWrapper
2019-02-27 00:49:43.849  INFO 11044 --- [restartedMain] trationDelegate$BeanPostProcessorChecker : Bean 'org.springframework.transaction.annotation.ProxyTransactionManagementConfiguration' of type [org.springframework.transaction.annotation.ProxyTransactionManagementConfiguration$$EnhancerBySpringCGLIB$$2b119cd4] is not eligible for getting processed by all BeanPostProcessors (for example: not eligible for auto-proxying)
2019-02-27 00:49:43.949  INFO 11044 --- [restartedMain] c.u.j.r.DefaultLazyPropertyResolver      : Property Resolver custom Bean not found with name 'encryptablePropertyResolver'. Initializing Default Property Resolver
2019-02-27 00:49:43.949  INFO 11044 --- [restartedMain] c.u.j.d.DefaultLazyPropertyDetector      : Property Detector custom Bean not found with name 'encryptablePropertyDetector'. Initializing Default Property Detector
2019-02-27 00:49:44.450  INFO 11044 --- [restartedMain] o.s.b.w.embedded.tomcat.TomcatWebServer  : Tomcat initialized with port(s): 8081 (http)
2019-02-27 00:49:44.492  INFO 11044 --- [restartedMain] o.apache.catalina.core.StandardService   : Starting service [Tomcat]
2019-02-27 00:49:44.493  INFO 11044 --- [restartedMain] org.apache.catalina.core.StandardEngine  : Starting Servlet engine: [Apache Tomcat/9.0.14]
2019-02-27 00:49:44.502  INFO 11044 --- [restartedMain] o.a.catalina.core.AprLifecycleListener   : The APR based Apache Tomcat Native library which allows optimal performance in production environments was not found on the java.library.path: [C:\Program Files\Java\jdk1.8.0_191\bin;C:\WINDOWS\Sun\Java\bin;C:\WINDOWS\system32;C:\WINDOWS;C:\Program Files (x86)\Common Files\Oracle\Java\javapath;C:\WINDOWS\system32;C:\WINDOWS;C:\WINDOWS\System32\Wbem;C:\WINDOWS\System32\WindowsPowerShell\v1.0\;C:\Program Files\Git\cmd;C:\Program Files\Java\jdk1.8.0_191\bin;C:\Program Files\Java\jre1.8.0_191\bin;C:\apache-maven-3.6.0-bin\apache-maven-3.6.0\bin;C:\Qt\Qt5.11.2\5.11.2\mingw53_32\bin;C:\Qt\Qt5.11.2\Tools\mingw530_32\bin;C:\Program Files\nodejs\;C:\WINDOWS\System32\OpenSSH\;C:\Program Files\doxygen\bin;C:\Program Files (x86)\Google\Cloud SDK\google-cloud-sdk\bin;C:\Users\lakith\AppData\Local\Programs\Python\Python37-32\Scripts\;C:\Users\lakith\AppData\Local\Programs\Python\Python37-32\;C:\Users\lakith\AppData\Local\Programs\Microsoft VS Code\bin;C:\Qt\Qt5.11.2\5.11.2\mingw53_32\bin;C:\Qt\Qt5.11.2\Tools\mingw530_32\bin;C:\Users\lakith\AppData\Roaming\npm;C:\Users\lakith\AppData\Local\Microsoft\WindowsApps;.]
2019-02-27 00:49:44.650  INFO 11044 --- [restartedMain] o.a.c.c.C.[.[localhost].[/api/atlas]     : Initializing Spring embedded WebApplicationContext
2019-02-27 00:49:44.650  INFO 11044 --- [restartedMain] o.s.web.context.ContextLoader            : Root WebApplicationContext: initialization completed in 2992 ms
2019-02-27 00:49:44.899  INFO 11044 --- [restartedMain] com.zaxxer.hikari.HikariDataSource       : HikariPool-1 - Starting...
2019-02-27 00:49:48.210  INFO 11044 --- [restartedMain] com.zaxxer.hikari.HikariDataSource       : HikariPool-1 - Start completed.
2019-02-27 00:49:48.279  INFO 11044 --- [restartedMain] o.hibernate.jpa.internal.util.LogHelper  : HHH000204: Processing PersistenceUnitInfo [
	name: default
	...]
2019-02-27 00:49:48.411  INFO 11044 --- [restartedMain] org.hibernate.Version                    : HHH000412: Hibernate Core {5.3.7.Final}
2019-02-27 00:49:48.411  INFO 11044 --- [restartedMain] org.hibernate.cfg.Environment            : HHH000206: hibernate.properties not found
2019-02-27 00:49:48.649  INFO 11044 --- [restartedMain] o.hibernate.annotations.common.Version   : HCANN000001: Hibernate Commons Annotations {5.0.4.Final}
2019-02-27 00:49:49.128  INFO 11044 --- [restartedMain] org.hibernate.dialect.Dialect            : HHH000400: Using dialect: org.hibernate.dialect.MySQL5InnoDBDialect
2019-02-27 00:50:01.631  INFO 11044 --- [restartedMain] j.LocalContainerEntityManagerFactoryBean : Initialized JPA EntityManagerFactory for persistence unit 'default'
2019-02-27 00:50:01.680  INFO 11044 --- [restartedMain] o.s.b.d.a.OptionalLiveReloadServer       : LiveReload server is running on port 35729
2019-02-27 00:50:02.045  INFO 11044 --- [restartedMain] o.h.h.i.QueryTranslatorFactoryInitiator  : HHH000397: Using ASTQueryTranslatorFactory
2019-02-27 00:50:02.670  INFO 11044 --- [restartedMain] o.s.s.web.DefaultSecurityFilterChain     : Creating filter chain: any request, [org.springframework.security.web.context.request.async.WebAsyncManagerIntegrationFilter@45782a78, org.springframework.security.web.context.SecurityContextPersistenceFilter@32f5db18, org.springframework.security.web.header.HeaderWriterFilter@7cd429a9, com.finalproj.finalproject.jwt.JwtTokenAuthenticationFilter@3d44edfd, org.springframework.security.web.savedrequest.RequestCacheAwareFilter@4a6d5210, org.springframework.security.web.servletapi.SecurityContextHolderAwareRequestFilter@2771731b, org.springframework.security.web.authentication.AnonymousAuthenticationFilter@55d1a42f, org.springframework.security.web.session.SessionManagementFilter@c2e994e, org.springframework.security.web.access.ExceptionTranslationFilter@4b6d04a5, org.springframework.security.web.access.intercept.FilterSecurityInterceptor@791c4913]
2019-02-27 00:50:02.681  INFO 11044 --- [restartedMain] o.s.s.p.JdbcUserDetailsManager           : No authentication manager set. Reauthentication of users when changing passwords will not be performed.
2019-02-27 00:50:02.894  INFO 11044 --- [restartedMain] o.s.s.concurrent.ThreadPoolTaskExecutor  : Initializing ExecutorService 'applicationTaskExecutor'
2019-02-27 00:50:02.955  WARN 11044 --- [restartedMain] aWebConfiguration$JpaWebMvcConfiguration : spring.jpa.open-in-view is enabled by default. Therefore, database queries may be performed during view rendering. Explicitly configure spring.jpa.open-in-view to disable this warning
2019-02-27 00:50:09.536  INFO 11044 --- [restartedMain] o.s.b.w.embedded.tomcat.TomcatWebServer  : Tomcat started on port(s): 8081 (http) with context path '/api/atlas'
2019-02-27 00:50:09.536  INFO 11044 --- [restartedMain] c.f.f.FinalprojectApplication            : Started FinalprojectApplication in 28.76 seconds (JVM running for 32.038)
2019-02-27 00:51:51.139  INFO 11044 --- [http-nio-8081-exec-1] o.a.c.c.C.[.[localhost].[/api/atlas]     : Initializing Spring DispatcherServlet 'dispatcherServlet'
2019-02-27 00:51:51.139  INFO 11044 --- [http-nio-8081-exec-1] o.s.web.servlet.DispatcherServlet        : Initializing Servlet 'dispatcherServlet'
2019-02-27 00:51:51.151  INFO 11044 --- [http-nio-8081-exec-1] o.s.web.servlet.DispatcherServlet        : Completed initialization in 12 ms
